2020-01-22 10:03:20,551 INFO [root] [__init__.py(<module>:7)] - test
2020-01-22 10:03:21,593 INFO [root] [test_login.py(test_login_success:22)] - {'success': True, 'code': 10000, 'message': '操作成功！', 'data': 'cb26a7a3-8232-4351-a1e7-7e19b0a62425', 'status_code': 200}
2020-01-22 10:09:36,526 INFO [root] [__init__.py(<module>:7)] - test
2020-01-22 10:09:38,207 INFO [root] [test_employee.py(test_add_emp:21)] - {'success': True, 'code': 10000, 'message': '操作成功！', 'data': {'id': '1219804293666000896'}, 'status_code': 200}
2020-01-22 10:12:01,318 INFO [root] [__init__.py(<module>:7)] - test
2020-01-22 10:12:01,951 INFO [root] [test_employee.py(test_add_emp:22)] - {'success': True, 'code': 10000, 'message': '操作成功！', 'data': {'id': '1219804896647532544'}, 'status_code': 200}
2020-01-22 10:23:12,765 INFO [root] [__init__.py(<module>:7)] - test
2020-01-22 10:23:13,436 INFO [root] [test_employee.py(test_add_emp:24)] - {'success': True, 'code': 10000, 'message': '操作成功！', 'data': {'id': '1219807713017810944'}, 'status_code': 200}
2020-01-22 10:24:37,250 INFO [root] [__init__.py(<module>:7)] - test
2020-01-22 10:25:31,310 INFO [root] [__init__.py(<module>:7)] - test
2020-01-22 10:27:24,908 INFO [root] [__init__.py(<module>:7)] - test
2020-01-22 10:37:29,082 INFO [root] [__init__.py(<module>:7)] - test
2020-01-22 10:37:29,654 INFO [root] [test_employee.py(test_search_emp:33)] - {'success': True, 'code': 10000, 'message': '操作成功！', 'data': {'id': '1219807713017810944', 'mobile': '17010001003', 'username': 'tom_03', 'password': '62f177017970280eb372dd31a92a666d', 'enableState': 1, 'createTime': None, 'companyId': '1', 'companyName': '传智播客', 'departmentId': '1066240656856453120', 'timeOfEntry': '2019-07-01T00:00:00.000+0000', 'formOfEmployment': 1, 'workNumber': '1003', 'formOfManagement': None, 'workingCity': None, 'correctionTime': '2019-11-30T00:00:00.000+0000', 'inServiceStatus': None, 'departmentName': '测试部', 'roleIds': [], 'staffPhoto': None}, 'status_code': 200}
2020-01-22 10:47:24,497 INFO [root] [__init__.py(<module>:7)] - test
2020-01-22 10:47:25,188 INFO [root] [test_employee.py(test_add_emp:24)] - {'success': True, 'code': 10000, 'message': '操作成功！', 'data': {'id': '1219813802190917632'}, 'status_code': 200}
2020-01-22 10:50:00,092 INFO [root] [__init__.py(<module>:7)] - test
2020-01-22 10:50:00,849 INFO [root] [test_employee.py(test_search_emp:36)] - {'success': True, 'code': 10000, 'message': '操作成功！', 'data': {'id': '1219813802190917632', 'mobile': '17010001004', 'username': 'tom_04', 'password': '8c22e06af86db2acd99294531733f083', 'enableState': 1, 'createTime': None, 'companyId': '1', 'companyName': '传智播客', 'departmentId': '1066240656856453120', 'timeOfEntry': '2019-07-01T00:00:00.000+0000', 'formOfEmployment': 1, 'workNumber': '1004', 'formOfManagement': None, 'workingCity': None, 'correctionTime': '2019-11-30T00:00:00.000+0000', 'inServiceStatus': None, 'departmentName': '测试部', 'roleIds': [], 'staffPhoto': None}, 'status_code': 200}
2020-01-22 10:59:26,084 INFO [root] [__init__.py(<module>:7)] - test
2020-01-22 10:59:26,533 INFO [root] [test_employee.py(test_update_emp:46)] - {'success': True, 'code': 10000, 'message': '操作成功！', 'data': {'id': '1219813802190917632'}, 'status_code': 200}
2020-01-22 10:59:43,181 INFO [root] [__init__.py(<module>:7)] - test
2020-01-22 10:59:43,710 INFO [root] [test_employee.py(test_search_emp:36)] - {'success': True, 'code': 10000, 'message': '操作成功！', 'data': {'id': '1219813802190917632', 'mobile': '17010001004', 'username': 'tom_new', 'password': '8c22e06af86db2acd99294531733f083', 'enableState': 1, 'createTime': None, 'companyId': '1', 'companyName': '传智播客', 'departmentId': '1066240656856453120', 'timeOfEntry': '2019-07-01T00:00:00.000+0000', 'formOfEmployment': 1, 'workNumber': '1004', 'formOfManagement': None, 'workingCity': None, 'correctionTime': '2019-11-30T00:00:00.000+0000', 'inServiceStatus': None, 'departmentName': '测试部', 'roleIds': [], 'staffPhoto': None}, 'status_code': 200}
2020-01-22 11:13:10,287 INFO [root] [__init__.py(<module>:7)] - test
2020-01-22 11:13:10,855 INFO [root] [test_employee.py(test_delete_emp:55)] - {'success': True, 'code': 10000, 'message': '操作成功！', 'data': None, 'status_code': 200}
2020-01-22 11:13:24,882 INFO [root] [__init__.py(<module>:7)] - test
2020-01-22 11:13:25,437 INFO [root] [test_employee.py(test_search_emp:36)] - {'success': False, 'code': 99999, 'message': '抱歉，系统繁忙，请稍后重试！', 'data': None, 'status_code': 200}
2020-01-22 11:13:58,344 INFO [root] [__init__.py(<module>:7)] - test
2020-01-22 11:13:58,939 INFO [root] [test_employee.py(test_add_emp:24)] - {'success': True, 'code': 10000, 'message': '操作成功！', 'data': {'id': '1219820486770642944'}, 'status_code': 200}
2020-01-22 11:13:59,058 INFO [root] [test_employee.py(test_delete_emp:55)] - {'success': False, 'code': 99999, 'message': '抱歉，系统繁忙，请稍后重试！', 'data': None, 'status_code': 200}
2020-01-22 11:13:59,157 INFO [root] [test_employee.py(test_search_emp:36)] - {'success': False, 'code': 99999, 'message': '抱歉，系统繁忙，请稍后重试！', 'data': None, 'status_code': 200}
2020-01-22 11:13:59,273 INFO [root] [test_employee.py(test_update_emp:46)] - {'success': False, 'code': 99999, 'message': '抱歉，系统繁忙，请稍后重试！', 'data': None, 'status_code': 200}
2020-01-22 11:16:11,006 INFO [root] [__init__.py(<module>:7)] - test
2020-01-22 11:16:11,436 INFO [root] [test_employee.py(test01_add_emp:24)] - {'success': True, 'code': 10000, 'message': '操作成功！', 'data': {'id': '1219821042637557760'}, 'status_code': 200}
2020-01-22 11:16:11,530 INFO [root] [test_employee.py(test02_search_emp:36)] - {'success': False, 'code': 99999, 'message': '抱歉，系统繁忙，请稍后重试！', 'data': None, 'status_code': 200}
2020-01-22 11:16:11,638 INFO [root] [test_employee.py(test03_update_emp:46)] - {'success': False, 'code': 99999, 'message': '抱歉，系统繁忙，请稍后重试！', 'data': None, 'status_code': 200}
2020-01-22 11:16:11,739 INFO [root] [test_employee.py(test04_delete_emp:55)] - {'success': False, 'code': 99999, 'message': '抱歉，系统繁忙，请稍后重试！', 'data': None, 'status_code': 200}
2020-01-22 11:17:23,937 INFO [root] [test_employee.py(test01_add_emp:24)] - {'success': False, 'code': 99999, 'message': '抱歉，系统繁忙，请稍后重试！', 'data': None, 'status_code': 200}
2020-01-22 11:17:24,060 INFO [root] [test_employee.py(test02_search_emp:36)] - {'success': False, 'code': 99999, 'message': '抱歉，系统繁忙，请稍后重试！', 'data': None, 'status_code': 200}
2020-01-22 11:17:24,152 INFO [root] [test_employee.py(test03_update_emp:46)] - {'success': False, 'code': 99999, 'message': '抱歉，系统繁忙，请稍后重试！', 'data': None, 'status_code': 200}
2020-01-22 11:17:24,265 INFO [root] [test_employee.py(test04_delete_emp:55)] - {'success': False, 'code': 99999, 'message': '抱歉，系统繁忙，请稍后重试！', 'data': None, 'status_code': 200}
2020-01-22 11:17:40,405 INFO [root] [test_employee.py(test01_add_emp:24)] - {'success': True, 'code': 10000, 'message': '操作成功！', 'data': {'id': '1219821415750258688'}, 'status_code': 200}
2020-01-22 11:17:40,556 INFO [root] [test_employee.py(test02_search_emp:36)] - {'success': False, 'code': 99999, 'message': '抱歉，系统繁忙，请稍后重试！', 'data': None, 'status_code': 200}
2020-01-22 11:17:40,666 INFO [root] [test_employee.py(test03_update_emp:46)] - {'success': False, 'code': 99999, 'message': '抱歉，系统繁忙，请稍后重试！', 'data': None, 'status_code': 200}
2020-01-22 11:17:40,774 INFO [root] [test_employee.py(test04_delete_emp:55)] - {'success': False, 'code': 99999, 'message': '抱歉，系统繁忙，请稍后重试！', 'data': None, 'status_code': 200}
2020-01-22 11:20:24,816 INFO [root] [test_employee.py(test01_add_emp:24)] - 新增：{'success': True, 'code': 10000, 'message': '操作成功！', 'data': {'id': '1219822105381916672'}, 'status_code': 200}
2020-01-22 11:20:24,918 INFO [root] [test_employee.py(test02_search_emp:36)] - 查询：{'success': False, 'code': 99999, 'message': '抱歉，系统繁忙，请稍后重试！', 'data': None, 'status_code': 200}
2020-01-22 11:20:25,027 INFO [root] [test_employee.py(test03_update_emp:46)] - 修改：{'success': False, 'code': 99999, 'message': '抱歉，系统繁忙，请稍后重试！', 'data': None, 'status_code': 200}
2020-01-22 11:20:25,139 INFO [root] [test_employee.py(test04_delete_emp:55)] - 删除：{'success': False, 'code': 99999, 'message': '抱歉，系统繁忙，请稍后重试！', 'data': None, 'status_code': 200}
2020-01-22 11:26:19,788 INFO [root] [test_employee.py(test01_add_emp:24)] - 新增：{'success': True, 'code': 10000, 'message': '操作成功！', 'data': {'id': '1219823594238201856'}, 'status_code': 200}
2020-01-22 11:26:19,903 INFO [root] [test_employee.py(test02_search_emp:36)] - 查询：{'success': True, 'code': 10000, 'message': '操作成功！', 'data': {'id': '1219823594238201856', 'mobile': '17010001008', 'username': 'tom_08', 'password': '90d18989c9202b565e9482c529378fa1', 'enableState': 1, 'createTime': None, 'companyId': '1', 'companyName': '传智播客', 'departmentId': '1066240656856453120', 'timeOfEntry': '2019-07-01T00:00:00.000+0000', 'formOfEmployment': 1, 'workNumber': '1008', 'formOfManagement': None, 'workingCity': None, 'correctionTime': '2019-11-30T00:00:00.000+0000', 'inServiceStatus': None, 'departmentName': '测试部', 'roleIds': [], 'staffPhoto': None}, 'status_code': 200}
2020-01-22 11:26:20,026 INFO [root] [test_employee.py(test03_update_emp:46)] - 修改：{'success': True, 'code': 10000, 'message': '操作成功！', 'data': {'id': '1219823594238201856'}, 'status_code': 200}
2020-01-22 11:26:20,207 INFO [root] [test_employee.py(test04_delete_emp:55)] - 删除：{'success': True, 'code': 10000, 'message': '操作成功！', 'data': None, 'status_code': 200}
2020-01-22 11:46:27,987 INFO [root] [test_employee.py(test01_add_emp:24)] - 新增：{'success': True, 'code': 10000, 'message': '操作成功！', 'data': {'id': '1219828661871792128'}, 'status_code': 200}
2020-01-22 11:46:28,087 INFO [root] [test_employee.py(test02_search_emp:36)] - 查询：{'success': True, 'code': 10000, 'message': '操作成功！', 'data': {'id': '1219828661871792128', 'mobile': '17010001008', 'username': 'tom_08', 'password': '90d18989c9202b565e9482c529378fa1', 'enableState': 1, 'createTime': None, 'companyId': '1', 'companyName': '传智播客', 'departmentId': '1066240656856453120', 'timeOfEntry': '2019-07-01T00:00:00.000+0000', 'formOfEmployment': 1, 'workNumber': '1008', 'formOfManagement': None, 'workingCity': None, 'correctionTime': '2019-11-30T00:00:00.000+0000', 'inServiceStatus': None, 'departmentName': '测试部', 'roleIds': [], 'staffPhoto': None}, 'status_code': 200}
2020-01-22 11:46:28,209 INFO [root] [test_employee.py(test03_update_emp:46)] - 修改：{'success': True, 'code': 10000, 'message': '操作成功！', 'data': {'id': '1219828661871792128'}, 'status_code': 200}
2020-01-22 11:46:32,551 INFO [root] [test_employee.py(test04_delete_emp:72)] - 删除：{'success': True, 'code': 10000, 'message': '操作成功！', 'data': None, 'status_code': 200}
2020-01-22 11:48:03,782 INFO [root] [test_employee.py(test01_add_emp:24)] - 新增：{'success': True, 'code': 10000, 'message': '操作成功！', 'data': {'id': '1219829063673532416'}, 'status_code': 200}
2020-01-22 11:48:03,881 INFO [root] [test_employee.py(test02_search_emp:36)] - 查询：{'success': True, 'code': 10000, 'message': '操作成功！', 'data': {'id': '1219829063673532416', 'mobile': '17010001009', 'username': 'tom_09', 'password': '5ffde874a1d17b88fd6ee459c4c58022', 'enableState': 1, 'createTime': None, 'companyId': '1', 'companyName': '传智播客', 'departmentId': '1066240656856453120', 'timeOfEntry': '2019-07-01T00:00:00.000+0000', 'formOfEmployment': 1, 'workNumber': '1009', 'formOfManagement': None, 'workingCity': None, 'correctionTime': '2019-11-30T00:00:00.000+0000', 'inServiceStatus': None, 'departmentName': '测试部', 'roleIds': [], 'staffPhoto': None}, 'status_code': 200}
2020-01-22 11:48:03,989 INFO [root] [test_employee.py(test03_update_emp:46)] - 修改：{'success': True, 'code': 10000, 'message': '操作成功！', 'data': {'id': '1219829063673532416'}, 'status_code': 200}
2020-01-22 11:48:04,314 INFO [root] [test_employee.py(test04_delete_emp:72)] - 删除：{'success': True, 'code': 10000, 'message': '操作成功！', 'data': None, 'status_code': 200}
2020-01-22 11:49:18,676 INFO [root] [test_employee.py(test01_add_emp:24)] - 新增：{'success': True, 'code': 10000, 'message': '操作成功！', 'data': {'id': '1219829377734627328'}, 'status_code': 200}
2020-01-22 11:49:18,776 INFO [root] [test_employee.py(test02_search_emp:36)] - 查询：{'success': True, 'code': 10000, 'message': '操作成功！', 'data': {'id': '1219829377734627328', 'mobile': '17010001010', 'username': 'tom_10', 'password': '9ae8e0ccbaa27bc687e0c464e142f35c', 'enableState': 1, 'createTime': None, 'companyId': '1', 'companyName': '传智播客', 'departmentId': '1066240656856453120', 'timeOfEntry': '2019-07-01T00:00:00.000+0000', 'formOfEmployment': 1, 'workNumber': '1010', 'formOfManagement': None, 'workingCity': None, 'correctionTime': '2019-11-30T00:00:00.000+0000', 'inServiceStatus': None, 'departmentName': '测试部', 'roleIds': [], 'staffPhoto': None}, 'status_code': 200}
2020-01-22 11:49:18,906 INFO [root] [test_employee.py(test03_update_emp:46)] - 修改：{'success': True, 'code': 10000, 'message': '操作成功！', 'data': {'id': '1219829377734627328'}, 'status_code': 200}
2020-01-22 11:49:19,163 INFO [root] [test_employee.py(test03_update_emp:59)] - one:('tom_new',)
2020-01-22 11:49:19,278 INFO [root] [test_employee.py(test04_delete_emp:72)] - 删除：{'success': True, 'code': 10000, 'message': '操作成功！', 'data': None, 'status_code': 200}
2020-01-22 12:05:21,484 INFO [root] [test_employee.py(test01_add_emp:24)] - 新增：{'success': True, 'code': 10000, 'message': '操作成功！', 'data': {'id': '1219833416052461568'}, 'status_code': 200}
2020-01-22 12:05:21,598 INFO [root] [test_employee.py(test02_search_emp:36)] - 查询：{'success': True, 'code': 10000, 'message': '操作成功！', 'data': {'id': '1219833416052461568', 'mobile': '17010001010', 'username': 'tom_10', 'password': '9ae8e0ccbaa27bc687e0c464e142f35c', 'enableState': 1, 'createTime': None, 'companyId': '1', 'companyName': '传智播客', 'departmentId': '1066240656856453120', 'timeOfEntry': '2019-07-01T00:00:00.000+0000', 'formOfEmployment': 1, 'workNumber': '1010', 'formOfManagement': None, 'workingCity': None, 'correctionTime': '2019-11-30T00:00:00.000+0000', 'inServiceStatus': None, 'departmentName': '测试部', 'roleIds': [], 'staffPhoto': None}, 'status_code': 200}
2020-01-22 12:05:21,725 INFO [root] [test_employee.py(test03_update_emp:46)] - 修改：{'success': True, 'code': 10000, 'message': '操作成功！', 'data': {'id': '1219833416052461568'}, 'status_code': 200}
2020-01-22 12:05:22,174 INFO [root] [test_employee.py(test04_delete_emp:77)] - 删除：{'success': True, 'code': 10000, 'message': '操作成功！', 'data': None, 'status_code': 200}
2020-01-22 17:22:01,294 INFO [root] [test_login.py(test_login:43)] - {'success': True, 'code': 10000, 'message': '操作成功！', 'data': 'f6819856-dcd7-454c-b237-82743eebcd7d', 'status_code': 200}
2020-01-22 17:22:01,348 INFO [root] [test_login.py(test_login:43)] - {'success': False, 'code': 20001, 'message': '用户名或密码错误', 'data': None, 'status_code': 200}
2020-01-22 17:22:01,406 INFO [root] [test_login.py(test_login:43)] - {'success': False, 'code': 20001, 'message': '用户名或密码错误', 'data': None, 'status_code': 200}
2020-01-22 17:22:01,464 INFO [root] [test_login.py(test_login:43)] - {'success': False, 'code': 99999, 'message': '抱歉，系统繁忙，请稍后重试！', 'data': None, 'status_code': 200}
2020-01-22 17:22:01,539 INFO [root] [test_login.py(test_login:43)] - {'success': False, 'code': 20001, 'message': '用户名或密码错误', 'data': None, 'status_code': 200}
2020-01-22 17:22:01,611 INFO [root] [test_login.py(test_login:43)] - {'success': False, 'code': 20001, 'message': '用户名或密码错误', 'data': None, 'status_code': 200}
2020-01-22 18:35:47,678 INFO [root] [test_login.py(test_login_success:60)] - {'success': True, 'code': 10000, 'message': '操作成功！', 'data': '29520f86-e79d-4b6b-a6e3-843d0325dc5a', 'status_code': 200}
2020-01-22 18:36:50,530 INFO [root] [test_employee.py(test01_add_emp:47)] - 新增：{'success': True, 'code': 10000, 'message': '操作成功！', 'data': {'id': '1219931923534925824'}, 'status_code': 200}
2020-01-22 18:36:50,582 INFO [root] [test_employee.py(test02_search_emp:59)] - 查询：{'success': True, 'code': 10000, 'message': '操作成功！', 'data': {'id': '1219931923534925824', 'mobile': '17010001010', 'username': 'tom_10', 'password': '9ae8e0ccbaa27bc687e0c464e142f35c', 'enableState': 1, 'createTime': None, 'companyId': '1', 'companyName': '传智播客', 'departmentId': '1066240656856453120', 'timeOfEntry': '2019-07-01T00:00:00.000+0000', 'formOfEmployment': 1, 'workNumber': '1010', 'formOfManagement': None, 'workingCity': None, 'correctionTime': '2019-11-30T00:00:00.000+0000', 'inServiceStatus': None, 'departmentName': '测试部', 'roleIds': [], 'staffPhoto': None}, 'status_code': 200}
2020-01-22 18:36:50,653 INFO [root] [test_employee.py(test03_update_emp:69)] - 修改：{'success': True, 'code': 10000, 'message': '操作成功！', 'data': {'id': '1219931923534925824'}, 'status_code': 200}
2020-01-22 18:36:50,911 INFO [root] [test_employee.py(test04_delete_emp:100)] - 删除：{'success': True, 'code': 10000, 'message': '操作成功！', 'data': None, 'status_code': 200}
2020-01-22 18:43:38,386 INFO [root] [test_employee.py(test01_add_emp:59)] - 新增：{'success': True, 'code': 10000, 'message': '操作成功！', 'data': {'id': '1219933634206978048'}, 'status_code': 200}
2020-01-22 18:43:38,446 INFO [root] [test_employee.py(test02_search_emp:72)] - 查询：{'success': True, 'code': 10000, 'message': '操作成功！', 'data': {'id': '1219933634206978048', 'mobile': '17010001010', 'username': 'tom_10', 'password': '9ae8e0ccbaa27bc687e0c464e142f35c', 'enableState': 1, 'createTime': None, 'companyId': '1', 'companyName': '传智播客', 'departmentId': '1066240656856453120', 'timeOfEntry': '2019-07-01T00:00:00.000+0000', 'formOfEmployment': 1, 'workNumber': '1010', 'formOfManagement': None, 'workingCity': None, 'correctionTime': '2019-11-30T00:00:00.000+0000', 'inServiceStatus': None, 'departmentName': '测试部', 'roleIds': [], 'staffPhoto': None}, 'status_code': 200}
2020-01-22 18:43:38,514 INFO [root] [test_employee.py(test03_update_emp:82)] - 修改：{'success': True, 'code': 10000, 'message': '操作成功！', 'data': {'id': '1219933634206978048'}, 'status_code': 200}
2020-01-22 18:43:38,685 INFO [root] [test_employee.py(test04_delete_emp:113)] - 删除：{'success': True, 'code': 10000, 'message': '操作成功！', 'data': None, 'status_code': 200}
2020-01-22 18:49:31,076 INFO [root] [test_employee.py(test01_add_emp:73)] - 新增：{'success': True, 'code': 10000, 'message': '操作成功！', 'data': {'id': '1219935113378615296'}, 'status_code': 200}
2020-01-22 18:49:31,136 INFO [root] [test_employee.py(test02_search_emp:86)] - 查询：{'success': True, 'code': 10000, 'message': '操作成功！', 'data': {'id': '1219935113378615296', 'mobile': '17010001010', 'username': 'tom_10', 'password': '9ae8e0ccbaa27bc687e0c464e142f35c', 'enableState': 1, 'createTime': None, 'companyId': '1', 'companyName': '传智播客', 'departmentId': '1066240656856453120', 'timeOfEntry': '2019-07-01T00:00:00.000+0000', 'formOfEmployment': 1, 'workNumber': '1010', 'formOfManagement': None, 'workingCity': None, 'correctionTime': '2019-11-30T00:00:00.000+0000', 'inServiceStatus': None, 'departmentName': '测试部', 'roleIds': [], 'staffPhoto': None}, 'status_code': 200}
2020-01-22 18:49:31,213 INFO [root] [test_employee.py(test03_update_emp:97)] - 修改：{'success': True, 'code': 10000, 'message': '操作成功！', 'data': {'id': '1219935113378615296'}, 'status_code': 200}
2020-01-22 18:49:31,275 INFO [root] [test_employee.py(test04_delete_emp:128)] - 删除：{'success': True, 'code': 10000, 'message': '操作成功！', 'data': None, 'status_code': 200}
2020-01-22 18:50:14,071 INFO [root] [test_employee.py(test01_add_emp:73)] - 新增：{'success': True, 'code': 10000, 'message': '操作成功！', 'data': {'id': '1219935293855322112'}, 'status_code': 200}
2020-01-22 18:50:14,124 INFO [root] [test_employee.py(test02_search_emp:86)] - 查询：{'success': True, 'code': 10000, 'message': '操作成功！', 'data': {'id': '1219935293855322112', 'mobile': '17010001010', 'username': 'tom_10', 'password': '9ae8e0ccbaa27bc687e0c464e142f35c', 'enableState': 1, 'createTime': None, 'companyId': '1', 'companyName': '传智播客', 'departmentId': '1066240656856453120', 'timeOfEntry': '2019-07-01T00:00:00.000+0000', 'formOfEmployment': 1, 'workNumber': '1010', 'formOfManagement': None, 'workingCity': None, 'correctionTime': '2019-11-30T00:00:00.000+0000', 'inServiceStatus': None, 'departmentName': '测试部', 'roleIds': [], 'staffPhoto': None}, 'status_code': 200}
2020-01-22 18:50:14,207 INFO [root] [test_employee.py(test03_update_emp:97)] - 修改：{'success': True, 'code': 10000, 'message': '操作成功！', 'data': {'id': '1219935293855322112'}, 'status_code': 200}
2020-01-22 18:50:14,348 INFO [root] [test_employee.py(test04_delete_emp:128)] - 删除：{'success': True, 'code': 10000, 'message': '操作成功！', 'data': None, 'status_code': 200}
2020-01-22 18:54:30,457 INFO [root] [test_employee.py(test01_add_emp:86)] - 新增：{'success': True, 'code': 10000, 'message': '操作成功！', 'data': {'id': '1219936369207758848'}, 'status_code': 200}
2020-01-22 18:54:30,521 INFO [root] [test_employee.py(test02_search_emp:99)] - 查询：{'success': True, 'code': 10000, 'message': '操作成功！', 'data': {'id': '1219936369207758848', 'mobile': '17010001010', 'username': 'tom_10', 'password': '9ae8e0ccbaa27bc687e0c464e142f35c', 'enableState': 1, 'createTime': None, 'companyId': '1', 'companyName': '传智播客', 'departmentId': '1066240656856453120', 'timeOfEntry': '2019-07-01T00:00:00.000+0000', 'formOfEmployment': 1, 'workNumber': '1010', 'formOfManagement': None, 'workingCity': None, 'correctionTime': '2019-11-30T00:00:00.000+0000', 'inServiceStatus': None, 'departmentName': '测试部', 'roleIds': [], 'staffPhoto': None}, 'status_code': 200}
2020-01-22 18:54:30,591 INFO [root] [test_employee.py(test03_update_emp:110)] - 修改：{'success': True, 'code': 10000, 'message': '操作成功！', 'data': {'id': '1219936369207758848'}, 'status_code': 200}
2020-01-22 18:54:30,787 INFO [root] [test_employee.py(test04_delete_emp:142)] - 删除：{'success': True, 'code': 10000, 'message': '操作成功！', 'data': None, 'status_code': 200}
2020-01-22 19:05:58,910 INFO [root] [test_login.py(test_login:43)] - {'success': True, 'code': 10000, 'message': '操作成功！', 'data': '35ffe649-15f9-483b-8d60-997c5b04b50d', 'status_code': 200}
2020-01-22 19:05:58,960 INFO [root] [test_login.py(test_login:43)] - {'success': False, 'code': 20001, 'message': '用户名或密码错误', 'data': None, 'status_code': 200}
2020-01-22 19:05:59,023 INFO [root] [test_login.py(test_login:43)] - {'success': False, 'code': 20001, 'message': '用户名或密码错误', 'data': None, 'status_code': 200}
2020-01-22 19:05:59,097 INFO [root] [test_login.py(test_login:43)] - {'success': False, 'code': 99999, 'message': '抱歉，系统繁忙，请稍后重试！', 'data': None, 'status_code': 200}
2020-01-22 19:05:59,147 INFO [root] [test_login.py(test_login:43)] - {'success': False, 'code': 20001, 'message': '用户名或密码错误', 'data': None, 'status_code': 200}
2020-01-22 19:05:59,203 INFO [root] [test_login.py(test_login:43)] - {'success': False, 'code': 20001, 'message': '用户名或密码错误', 'data': None, 'status_code': 200}
2020-01-22 19:05:59,269 INFO [root] [test_employee.py(test01_add_emp:86)] - 新增：{'success': True, 'code': 10000, 'message': '操作成功！', 'data': {'id': '1219939258336628736'}, 'status_code': 200}
2020-01-22 19:05:59,329 INFO [root] [test_employee.py(test02_search_emp:99)] - 查询：{'success': True, 'code': 10000, 'message': '操作成功！', 'data': {'id': '1219939258336628736', 'mobile': '17010001010', 'username': 'tom_10', 'password': '9ae8e0ccbaa27bc687e0c464e142f35c', 'enableState': 1, 'createTime': None, 'companyId': '1', 'companyName': '传智播客', 'departmentId': '1066240656856453120', 'timeOfEntry': '2019-07-01T00:00:00.000+0000', 'formOfEmployment': 1, 'workNumber': '1010', 'formOfManagement': None, 'workingCity': None, 'correctionTime': '2019-11-30T00:00:00.000+0000', 'inServiceStatus': None, 'departmentName': '测试部', 'roleIds': [], 'staffPhoto': None}, 'status_code': 200}
2020-01-22 19:05:59,404 INFO [root] [test_employee.py(test03_update_emp:110)] - 修改：{'success': True, 'code': 10000, 'message': '操作成功！', 'data': {'id': '1219939258336628736'}, 'status_code': 200}
2020-01-22 19:05:59,590 INFO [root] [test_employee.py(test04_delete_emp:142)] - 删除：{'success': True, 'code': 10000, 'message': '操作成功！', 'data': None, 'status_code': 200}
2020-01-22 19:07:57,759 INFO [root] [test_login.py(test_login:43)] - {'success': True, 'code': 10000, 'message': '操作成功！', 'data': '0ebef989-8912-4e6f-a40a-bdb8c200985c', 'status_code': 200}
2020-01-22 19:07:57,842 INFO [root] [test_login.py(test_login:43)] - {'success': False, 'code': 20001, 'message': '用户名或密码错误', 'data': None, 'status_code': 200}
2020-01-22 19:07:57,903 INFO [root] [test_login.py(test_login:43)] - {'success': False, 'code': 20001, 'message': '用户名或密码错误', 'data': None, 'status_code': 200}
2020-01-22 19:07:57,952 INFO [root] [test_login.py(test_login:43)] - {'success': False, 'code': 99999, 'message': '抱歉，系统繁忙，请稍后重试！', 'data': None, 'status_code': 200}
2020-01-22 19:07:58,027 INFO [root] [test_login.py(test_login:43)] - {'success': False, 'code': 20001, 'message': '用户名或密码错误', 'data': None, 'status_code': 200}
2020-01-22 19:07:58,088 INFO [root] [test_login.py(test_login:43)] - {'success': False, 'code': 20001, 'message': '用户名或密码错误', 'data': None, 'status_code': 200}
2020-01-22 19:07:58,150 INFO [root] [test_employee.py(test01_add_emp:86)] - 新增：{'success': True, 'code': 10000, 'message': '操作成功！', 'data': {'id': '1219939756972265472'}, 'status_code': 200}
2020-01-22 19:07:58,216 INFO [root] [test_employee.py(test02_search_emp:99)] - 查询：{'success': True, 'code': 10000, 'message': '操作成功！', 'data': {'id': '1219939756972265472', 'mobile': '17010001010', 'username': 'tom_10', 'password': '9ae8e0ccbaa27bc687e0c464e142f35c', 'enableState': 1, 'createTime': None, 'companyId': '1', 'companyName': '传智播客', 'departmentId': '1066240656856453120', 'timeOfEntry': '2019-07-01T00:00:00.000+0000', 'formOfEmployment': 1, 'workNumber': '1010', 'formOfManagement': None, 'workingCity': None, 'correctionTime': '2019-11-30T00:00:00.000+0000', 'inServiceStatus': None, 'departmentName': '测试部', 'roleIds': [], 'staffPhoto': None}, 'status_code': 200}
2020-01-22 19:07:58,296 INFO [root] [test_employee.py(test03_update_emp:110)] - 修改：{'success': True, 'code': 10000, 'message': '操作成功！', 'data': {'id': '1219939756972265472'}, 'status_code': 200}
2020-01-22 19:07:58,465 INFO [root] [test_employee.py(test04_delete_emp:142)] - 删除：{'success': True, 'code': 10000, 'message': '操作成功！', 'data': None, 'status_code': 200}
